<?xml version="1.0" encoding="UTF-8"?>
<!-- Generated by org.testng.reporters.JUnitReportReporter -->
<testsuite hostname="LTIN275806" failures="0" tests="1" name="worldClockPackage.MainClass" time="0.071" errors="0" timestamp="2024-02-02T12:13:23 IST" skipped="0">
  <testcase classname="worldClockPackage.MainClass" name="verifyIndiaTime" time="0.071"/>
</testsuite> <!-- worldClockPackage.MainClass -->
