<?xml version="1.0" encoding="UTF-8"?>
<!-- Generated by org.testng.reporters.JUnitReportReporter -->
<testsuite hostname="LTIN275806" failures="1" tests="12" name="worldClockPackage.testclooock" time="0.985" errors="0" timestamp="2024-02-05T10:46:13 IST" skipped="0">
  <testcase classname="worldClockPackage.testclooock" name="Test_WorldClock_Title" time="0.395"/>
  <testcase classname="worldClockPackage.testclooock" name="BangaloreWatch_Title" time="0.099"/>
  <testcase classname="worldClockPackage.testclooock" name="Bangalore_Time" time="0.224">
    <failure message="expected [10:46 AM] but found [10:46AM]" type="java.lang.AssertionError">
      <![CDATA[java.lang.AssertionError: expected [10:46 AM] but found [10:46AM]
at org.testng.Assert.fail(Assert.java:111)
at org.testng.Assert.failNotEquals(Assert.java:1578)
at org.testng.Assert.assertEqualsImpl(Assert.java:150)
at org.testng.Assert.assertEquals(Assert.java:132)
at org.testng.Assert.assertEquals(Assert.java:656)
at org.testng.Assert.assertEquals(Assert.java:666)
at worldClockPackage.testclooock.Bangalore_Time(testclooock.java:66)
at java.base/jdk.internal.reflect.NativeMethodAccessorImpl.invoke0(Native Method)
at java.base/jdk.internal.reflect.NativeMethodAccessorImpl.invoke(NativeMethodAccessorImpl.java:77)
at java.base/jdk.internal.reflect.DelegatingMethodAccessorImpl.invoke(DelegatingMethodAccessorImpl.java:43)
at java.base/java.lang.reflect.Method.invoke(Method.java:568)
at org.testng.internal.invokers.MethodInvocationHelper.invokeMethod(MethodInvocationHelper.java:139)
at org.testng.internal.invokers.TestInvoker.invokeMethod(TestInvoker.java:664)
at org.testng.internal.invokers.TestInvoker.invokeTestMethod(TestInvoker.java:227)
at org.testng.internal.invokers.MethodRunner.runInSequence(MethodRunner.java:50)
at org.testng.internal.invokers.TestInvoker$MethodInvocationAgent.invoke(TestInvoker.java:957)
at org.testng.internal.invokers.TestInvoker.invokeTestMethods(TestInvoker.java:200)
at org.testng.internal.invokers.TestMethodWorker.invokeTestMethods(TestMethodWorker.java:148)
at org.testng.internal.invokers.TestMethodWorker.run(TestMethodWorker.java:128)
at java.base/java.util.ArrayList.forEach(ArrayList.java:1511)
at org.testng.TestRunner.privateRun(TestRunner.java:848)
at org.testng.TestRunner.run(TestRunner.java:621)
at org.testng.SuiteRunner.runTest(SuiteRunner.java:443)
at org.testng.SuiteRunner.runSequentially(SuiteRunner.java:437)
at org.testng.SuiteRunner.privateRun(SuiteRunner.java:397)
at org.testng.SuiteRunner.run(SuiteRunner.java:336)
at org.testng.SuiteRunnerWorker.runSuite(SuiteRunnerWorker.java:52)
at org.testng.SuiteRunnerWorker.run(SuiteRunnerWorker.java:95)
at org.testng.TestNG.runSuitesSequentially(TestNG.java:1280)
at org.testng.TestNG.runSuitesLocally(TestNG.java:1200)
at org.testng.TestNG.runSuites(TestNG.java:1114)
at org.testng.TestNG.run(TestNG.java:1082)
at org.testng.remote.AbstractRemoteTestNG.run(AbstractRemoteTestNG.java:115)
at org.testng.remote.RemoteTestNG.initAndRun(RemoteTestNG.java:251)
at org.testng.remote.RemoteTestNG.main(RemoteTestNG.java:77)
]]>
    </failure>
  </testcase> <!-- Bangalore_Time -->
  <testcase classname="worldClockPackage.testclooock" name="Bangalore_Date" time="0.155"/>
  <testcase classname="worldClockPackage.testclooock" name="LondonWatch_Tittle" time="0.049"/>
  <testcase classname="worldClockPackage.testclooock" name="London_Time" time="0.002"/>
  <testcase classname="worldClockPackage.testclooock" name="London_Date" time="0.002"/>
  <testcase classname="worldClockPackage.testclooock" name="London_Timegap" time="0.002"/>
  <testcase classname="worldClockPackage.testclooock" name="NY_Watchtittle" time="0.048"/>
  <testcase classname="worldClockPackage.testclooock" name="NY_Time" time="0.001"/>
  <testcase classname="worldClockPackage.testclooock" name="NY_Date" time="0.005"/>
  <testcase classname="worldClockPackage.testclooock" name="NY_Timegap" time="0.003"/>
</testsuite> <!-- worldClockPackage.testclooock -->
